**在 PostgreSQL 中，可以通过 **EXPLAIN** 或 **EXPLAIN ANALYZE** 查看查询计划，以判断查询是否使用了索引。除此之外，了解索引的使用条件对于优化查询性能也很重要**。

### 1. 如何查看查询是否使用索引

**使用 EXPLAIN 查看查询计划**

EXPLAIN 显示 PostgreSQL 如何执行查询，包括是否使用索引。

```sql
EXPLAIN SELECT * FROM users WHERE email = 'test@example.com';
```

输出示例：

```sql
Index Scan using idx_email on users  (cost=0.00..4.75 rows=1 width=64)
```

如果查询使用了索引，输出中会显示 Index Scan 或 Bitmap Index Scan。如果是全表扫描，则会显示 Seq Scan（顺序扫描）

**使用 EXPLAIN ANALYZE 查看实际执行计划**

EXPLAIN ANALYZE 实际执行查询，并返回实际的时间和详细的执行计划。

```sql
EXPLAIN ANALYZE SELECT * FROM users WHERE email = 'test@example.com';
```

输出示例：

```sql
Index Scan using idx_email on users  (cost=0.00..4.75 rows=1 width=64) (actual time=0.030..0.031 rows=1 loops=1)
```

这将显示查询的实际执行时间和是否使用了索引。

### 2. 在什么情况下 PostgreSQL 会使用索引？

PostgreSQL 是否使用索引，取决于查询的结构、表的数据分布、统计信息以及查询优化器的决策。以下是一些常见的情况：

**1. 使用索引的情况**

* 精确查找：使用 WHERE 子句匹配索引列上的值。例如

```sql
SELECT * FROM users WHERE email = 'test@example.com';
```

* 范围查询：如 BETWEEN 或者 <, >, <=, >=，当索引列参与范围查询时，PostgreSQL 可能会使用索引。例如：

```sql
SELECT * FROM orders WHERE order_date >= '2024-01-01' AND order_date <= '2024-12-31';
```

* 部分匹配：在支持索引的情况下，某些前缀匹配（如 LIKE 'abc%'）也会使用索引，但不支持后缀匹配（如 LIKE '%abc'）；

**2. 不使用索引的情况**

* **全表扫描更快时**：如果查询条件匹配的数据很多（如返回的大部分行），PostgreSQL 可能会选择全表扫描，而不是索引扫描。
  
* **函数或计算**：当在索引列上使用函数或表达式时，通常不会使用索引。例如

```sql
SELECT * FROM users WHERE LOWER(email) = 'test@example.com';
```

可以创建一个表达式索引来解决这个问题：
  
```sql
CREATE INDEX idx_lower_email ON users (LOWER(email));
```

* **数据过少**：当表中数据较少时，顺序扫描可能比索引扫描更高效，因此 PostgreSQL 可能不会使用索引。
* **不适合的查询条件**：例如，后缀匹配的 LIKE 查询不会使用索引：

```sql
SELECT * FROM users WHERE email LIKE '%example.com';
```

**3. 如何优化索引使用**

* **适当使用索引**：为常用的查询条件、排序、分组列创建索引。
* **定期维护统计信息**：使用 ANALYZE 命令，保持表的统计信息最新，以帮助优化器做出正确的决策。
* **避免不必要的复杂函数或运算**：尽量避免在索引列上使用函数或复杂运算。如果确实需要，考虑使用表达式索引。